<?xml version="1.0" encoding="UTF-8"?>
<testsuite xmlns:xsi="http://www.w3.org/2001/XMLSchema-instance" xsi:noNamespaceSchemaLocation="https://maven.apache.org/surefire/maven-surefire-plugin/xsd/surefire-test-report-3.0.xsd" version="3.0" name="com.jala.university.api.controllers.UserControllerTest" time="4.065" tests="9" errors="0" skipped="0" failures="0">
  <properties>
[...]
</properties>
  <testcase name="testGetUserByLogin" classname="com.jala.university.api.controllers.UserControllerTest" time="3.41">
    <system-out><![CDATA[21:44:56.730 [main] INFO org.hibernate.validator.internal.util.Version -- HV000001: Hibernate Validator 8.0.1.Final
21:44:57.739 [main] INFO org.springframework.mock.web.MockServletContext -- Initializing Spring TestDispatcherServlet ''
21:44:57.739 [main] INFO org.springframework.test.web.servlet.TestDispatcherServlet -- Initializing Servlet ''
21:44:57.744 [main] INFO org.springframework.test.web.servlet.TestDispatcherServlet -- Completed initialization in 3 ms
21:44:57.844 [main] INFO com.jala.university.api.controllers.UserController -- Fetching user with login: Shark
]]></system-out>
    <system-err><![CDATA[WARNING: A Java agent has been loaded dynamically (C:\Users\moony\.m2\repository\net\bytebuddy\byte-buddy-agent\1.14.12\byte-buddy-agent-1.14.12.jar)
WARNING: If a serviceability tool is in use, please run with -XX:+EnableDynamicAgentLoading to hide this warning
WARNING: If a serviceability tool is not in use, please run with -Djdk.instrument.traceUsage for more information
WARNING: Dynamic loading of agents will be disallowed by default in a future release
]]></system-err>
  </testcase>
  <testcase name="testGetUsers" classname="com.jala.university.api.controllers.UserControllerTest" time="0.033">
    <system-out><![CDATA[21:44:57.965 [main] INFO org.springframework.mock.web.MockServletContext -- Initializing Spring TestDispatcherServlet ''
21:44:57.965 [main] INFO org.springframework.test.web.servlet.TestDispatcherServlet -- Initializing Servlet ''
21:44:57.966 [main] INFO org.springframework.test.web.servlet.TestDispatcherServlet -- Completed initialization in 0 ms
21:44:57.967 [main] INFO com.jala.university.api.controllers.UserController -- Fetching all users
]]></system-out>
  </testcase>
  <testcase name="testCreateUserWithMinimumRequiredFields" classname="com.jala.university.api.controllers.UserControllerTest" time="0.187">
    <system-out><![CDATA[21:44:58.011 [main] INFO org.springframework.mock.web.MockServletContext -- Initializing Spring TestDispatcherServlet ''
21:44:58.011 [main] INFO org.springframework.test.web.servlet.TestDispatcherServlet -- Initializing Servlet ''
21:44:58.012 [main] INFO org.springframework.test.web.servlet.TestDispatcherServlet -- Completed initialization in 1 ms
21:44:58.063 [main] INFO com.jala.university.api.controllers.UserController -- Creating a new user
]]></system-out>
  </testcase>
  <testcase name="testCreateUserSuccess" classname="com.jala.university.api.controllers.UserControllerTest" time="0.13">
    <system-out><![CDATA[21:44:58.187 [main] INFO org.springframework.mock.web.MockServletContext -- Initializing Spring TestDispatcherServlet ''
21:44:58.187 [main] INFO org.springframework.test.web.servlet.TestDispatcherServlet -- Initializing Servlet ''
21:44:58.187 [main] INFO org.springframework.test.web.servlet.TestDispatcherServlet -- Completed initialization in 0 ms
21:44:58.194 [main] INFO com.jala.university.api.controllers.UserController -- Creating a new user
]]></system-out>
  </testcase>
  <testcase name="testGetUserByLoginNotFound" classname="com.jala.university.api.controllers.UserControllerTest" time="0.03">
    <system-out><![CDATA[21:44:58.325 [main] INFO org.springframework.mock.web.MockServletContext -- Initializing Spring TestDispatcherServlet ''
21:44:58.325 [main] INFO org.springframework.test.web.servlet.TestDispatcherServlet -- Initializing Servlet ''
21:44:58.326 [main] INFO org.springframework.test.web.servlet.TestDispatcherServlet -- Completed initialization in 0 ms
21:44:58.328 [main] INFO com.jala.university.api.controllers.UserController -- Fetching user with login: UnknownLogin
]]></system-out>
  </testcase>
  <testcase name="testGetUserById" classname="com.jala.university.api.controllers.UserControllerTest" time="0.025">
    <system-out><![CDATA[21:44:58.355 [main] INFO org.springframework.mock.web.MockServletContext -- Initializing Spring TestDispatcherServlet ''
21:44:58.355 [main] INFO org.springframework.test.web.servlet.TestDispatcherServlet -- Initializing Servlet ''
21:44:58.355 [main] INFO org.springframework.test.web.servlet.TestDispatcherServlet -- Completed initialization in 0 ms
21:44:58.358 [main] INFO com.jala.university.api.controllers.UserController -- Fetching user with ID: test-123
]]></system-out>
  </testcase>
  <testcase name="testGetMultipleUsers" classname="com.jala.university.api.controllers.UserControllerTest" time="0.019">
    <system-out><![CDATA[21:44:58.378 [main] INFO org.springframework.mock.web.MockServletContext -- Initializing Spring TestDispatcherServlet ''
21:44:58.378 [main] INFO org.springframework.test.web.servlet.TestDispatcherServlet -- Initializing Servlet ''
21:44:58.378 [main] INFO org.springframework.test.web.servlet.TestDispatcherServlet -- Completed initialization in 0 ms
21:44:58.380 [main] INFO com.jala.university.api.controllers.UserController -- Fetching all users
]]></system-out>
  </testcase>
  <testcase name="testGetUserByIdNotFound" classname="com.jala.university.api.controllers.UserControllerTest" time="0.017">
    <system-out><![CDATA[21:44:58.396 [main] INFO org.springframework.mock.web.MockServletContext -- Initializing Spring TestDispatcherServlet ''
21:44:58.397 [main] INFO org.springframework.test.web.servlet.TestDispatcherServlet -- Initializing Servlet ''
21:44:58.397 [main] INFO org.springframework.test.web.servlet.TestDispatcherServlet -- Completed initialization in 0 ms
21:44:58.399 [main] INFO com.jala.university.api.controllers.UserController -- Fetching user with ID: UnknownId
]]></system-out>
  </testcase>
  <testcase name="testCreateUserWithComplexPassword" classname="com.jala.university.api.controllers.UserControllerTest" time="0.142">
    <system-out><![CDATA[21:44:58.414 [main] INFO org.springframework.mock.web.MockServletContext -- Initializing Spring TestDispatcherServlet ''
21:44:58.414 [main] INFO org.springframework.test.web.servlet.TestDispatcherServlet -- Initializing Servlet ''
21:44:58.414 [main] INFO org.springframework.test.web.servlet.TestDispatcherServlet -- Completed initialization in 0 ms
21:44:58.418 [main] INFO com.jala.university.api.controllers.UserController -- Creating a new user
]]></system-out>
  </testcase>
</testsuite>